# regtrace v0.1.0 — captured 2026-04-26T18:32:29Z
# vector:         dma_p2m_circular_16bit
# library:        gd-spl
# library_commit: v3.2.0
# target:         gd32f1x0
# compiler:       arm-none-eabi-gcc (Arm GNU Toolchain 15.2.Rel1 (Build arm-15.86)) 15.2.1 20251203
# compile_flags:  -Os -mcpu=cortex-m3 -mthumb -fno-common -ffreestanding -fno-builtin -Wall
# emulator:       unicorn 2.1.4 (UC_ARCH_ARM, UC_MODE_THUMB)
# emulation:      clean-exit (LR sentinel hit at instr 89)
# mode:           register_writes
R4 <DMA_BASE>+0x08 0x00000000
W4 <DMA_BASE>+0x08 0x00000000
W4 <DMA_BASE>+0x10 0x4001244C
W4 <DMA_BASE>+0x14 0x20000100
W4 <DMA_BASE>+0x0C 0x00000002
R4 <DMA_BASE>+0x08 0x00000000
W4 <DMA_BASE>+0x08 0x00003500
R4 <DMA_BASE>+0x08 0x00003500
W4 <DMA_BASE>+0x08 0x00003500
R4 <DMA_BASE>+0x08 0x00003500
W4 <DMA_BASE>+0x08 0x00003580
R4 <DMA_BASE>+0x08 0x00003580
W4 <DMA_BASE>+0x08 0x00003580
R4 <DMA_BASE>+0x08 0x00003580
W4 <DMA_BASE>+0x08 0x000035A0
R4 <DMA_BASE>+0x08 0x000035A0
W4 <DMA_BASE>+0x08 0x000035A0
