# regtrace v0.1.0 — captured 2026-04-26T18:32:29Z
# vector:         i2c_init_100khz_7bit
# library:        gd-spl
# library_commit: v3.2.0
# target:         gd32f1x0
# compiler:       arm-none-eabi-gcc (Arm GNU Toolchain 15.2.Rel1 (Build arm-15.86)) 15.2.1 20251203
# compile_flags:  -Os -mcpu=cortex-m3 -mthumb -fno-common -ffreestanding -fno-builtin -Wall
# emulator:       unicorn 2.1.4 (UC_ARCH_ARM, UC_MODE_THUMB)
# emulation:      clean-exit (LR sentinel hit at instr 120)
# mode:           register_writes
R4 <RCC_BASE>+0x04 0x00000000         # CFGR
R4 <RCC_BASE>+0x04 0x00000000         # CFGR
R4 <RCC_BASE>+0x04 0x00000000         # CFGR
R4 <RCC_BASE>+0x04 0x00000000         # CFGR
R4 <I2C1_BASE>+0x04 0x00000000
W4 <I2C1_BASE>+0x04 0x00000008
W4 <I2C1_BASE>+0x20 0x00000009
R4 <I2C1_BASE>+0x1C 0x00000000
W4 <I2C1_BASE>+0x1C 0x00000028
R4 <I2C1_BASE>+0x00 0x00000000
W4 <I2C1_BASE>+0x00 0x00000000
W4 <I2C1_BASE>+0x08 0x00000000
R4 <I2C1_BASE>+0x00 0x00000000
W4 <I2C1_BASE>+0x00 0x00000001
