# regtrace v0.1.0 — captured 2026-04-26T18:53:22Z
# vector:         i2c_init_100khz_7bit
# library:        libopencm3
# library_commit: v0.8.0
# target:         stm32f0
# compiler:       arm-none-eabi-gcc (Arm GNU Toolchain 15.2.Rel1 (Build arm-15.86)) 15.2.1 20251203
# compile_flags:  -Os -mcpu=cortex-m0 -mthumb -fno-common -ffreestanding -fno-builtin -Wall
# emulator:       unicorn 2.1.4 (UC_ARCH_ARM, UC_MODE_THUMB)
# emulation:      clean-exit (LR sentinel hit at instr 81)
# mode:           register_writes
R4 <I2C1_BASE>+0x10 0x00000000
W4 <I2C1_BASE>+0x10 0x10000000
R4 <I2C1_BASE>+0x10 0x10000000
W4 <I2C1_BASE>+0x10 0x10000013
R4 <I2C1_BASE>+0x10 0x10000013
W4 <I2C1_BASE>+0x10 0x10000F13
R4 <I2C1_BASE>+0x10 0x10000F13
W4 <I2C1_BASE>+0x10 0x10020F13
R4 <I2C1_BASE>+0x10 0x10020F13
W4 <I2C1_BASE>+0x10 0x10420F13
W4 <I2C1_BASE>+0x08 0x00000000
R4 <I2C1_BASE>+0x08 0x00000000
W4 <I2C1_BASE>+0x08 0x00000000
R4 <I2C1_BASE>+0x00 0x00000000
W4 <I2C1_BASE>+0x00 0x00000001
