# regtrace v0.1.0 — captured 2026-04-26T18:32:33Z
# vector:         dma_p2m_circular_16bit
# library:        libopencm3
# library_commit: v0.8.0-457-g7b6c2205
# target:         stm32f0
# compiler:       arm-none-eabi-gcc (Arm GNU Toolchain 15.2.Rel1 (Build arm-15.86)) 15.2.1 20251203
# compile_flags:  -Os -mcpu=cortex-m0 -mthumb -fno-common -ffreestanding -fno-builtin -Wall
# emulator:       unicorn 2.1.4 (UC_ARCH_ARM, UC_MODE_THUMB)
# emulation:      clean-exit (LR sentinel hit at instr 149)
# mode:           register_writes
R4 <DMA_BASE>+0x08 0x00000000
W4 <DMA_BASE>+0x10 0x4001244C
R4 <DMA_BASE>+0x08 0x00000000
W4 <DMA_BASE>+0x14 0x20000100
W4 <DMA_BASE>+0x0C 0x00000002
R4 <DMA_BASE>+0x08 0x00000000
W4 <DMA_BASE>+0x08 0x00000000
R4 <DMA_BASE>+0x08 0x00000000
W4 <DMA_BASE>+0x08 0x00000080
R4 <DMA_BASE>+0x08 0x00000080
W4 <DMA_BASE>+0x08 0x00000080
R4 <DMA_BASE>+0x08 0x00000080
W4 <DMA_BASE>+0x08 0x00000080
R4 <DMA_BASE>+0x08 0x00000080
W4 <DMA_BASE>+0x08 0x00000480
R4 <DMA_BASE>+0x08 0x00000480
W4 <DMA_BASE>+0x08 0x00000480
R4 <DMA_BASE>+0x08 0x00000480
W4 <DMA_BASE>+0x08 0x00000580
R4 <DMA_BASE>+0x08 0x00000580
W4 <DMA_BASE>+0x08 0x00000580
R4 <DMA_BASE>+0x08 0x00000580
W4 <DMA_BASE>+0x08 0x00003580
R4 <DMA_BASE>+0x08 0x00003580
W4 <DMA_BASE>+0x08 0x000035A0
R4 <DMA_BASE>+0x08 0x000035A0
W4 <DMA_BASE>+0x08 0x000035A0
