# regtrace v0.1.0 — captured 2026-04-26T18:52:14Z
# vector:         dma_m2m_8bit
# library:        libopencm3
# library_commit: master
# target:         stm32f0
# compiler:       arm-none-eabi-gcc (Arm GNU Toolchain 15.2.Rel1 (Build arm-15.86)) 15.2.1 20251203
# compile_flags:  -Os -mcpu=cortex-m0 -mthumb -fno-common -ffreestanding -fno-builtin -Wall
# emulator:       unicorn 2.1.4 (UC_ARCH_ARM, UC_MODE_THUMB)
# emulation:      clean-exit (LR sentinel hit at instr 147)
# mode:           register_writes
R4 <DMA_BASE>+0x1C 0x00000000
W4 <DMA_BASE>+0x24 0x20000100
R4 <DMA_BASE>+0x1C 0x00000000
W4 <DMA_BASE>+0x28 0x20000200
W4 <DMA_BASE>+0x20 0x00000010
R4 <DMA_BASE>+0x1C 0x00000000
W4 <DMA_BASE>+0x1C 0x00000000
R4 <DMA_BASE>+0x1C 0x00000000
W4 <DMA_BASE>+0x1C 0x00000080
R4 <DMA_BASE>+0x1C 0x00000080
W4 <DMA_BASE>+0x1C 0x000000C0
R4 <DMA_BASE>+0x1C 0x000000C0
W4 <DMA_BASE>+0x1C 0x000000C0
R4 <DMA_BASE>+0x1C 0x000000C0
W4 <DMA_BASE>+0x1C 0x000000C0
R4 <DMA_BASE>+0x1C 0x000000C0
W4 <DMA_BASE>+0x1C 0x000000C0
R4 <DMA_BASE>+0x1C 0x000000C0
W4 <DMA_BASE>+0x1C 0x000000C0
R4 <DMA_BASE>+0x1C 0x000000C0
W4 <DMA_BASE>+0x1C 0x000000C0
R4 <DMA_BASE>+0x1C 0x000000C0
W4 <DMA_BASE>+0x1C 0x000000C0
R4 <DMA_BASE>+0x1C 0x000000C0
W4 <DMA_BASE>+0x1C 0x000040C0
R4 <DMA_BASE>+0x1C 0x000040C0
W4 <DMA_BASE>+0x1C 0x000040C0
