# regtrace v0.1.0 — captured 2026-04-26T18:52:36Z
# vector:         usart_init_115200_8n1
# library:        libopencm3
# library_commit: master
# target:         stm32f0
# compiler:       arm-none-eabi-gcc (Arm GNU Toolchain 15.2.Rel1 (Build arm-15.86)) 15.2.1 20251203
# compile_flags:  -Os -mcpu=cortex-m0 -mthumb -fno-common -ffreestanding -fno-builtin -Wall
# emulator:       unicorn 2.1.4 (UC_ARCH_ARM, UC_MODE_THUMB)
# emulation:      clean-exit (LR sentinel hit at instr 144)
# mode:           final_state
R4 <RCC_BASE>+0x30 0x00000000         # CFGR3
R4 <RCC_BASE>+0x04 0x00000000         # CFGR
R4 <USART1_BASE>+0x00 0x00000000
W4 <USART1_BASE>+0x0C 0x00000045
R4 <USART1_BASE>+0x00 0x00000000
W4 <USART1_BASE>+0x00 0x00000000
R4 <USART1_BASE>+0x00 0x00000000
W4 <USART1_BASE>+0x00 0x00000000
R4 <USART1_BASE>+0x04 0x00000000
W4 <USART1_BASE>+0x04 0x00000000
R4 <USART1_BASE>+0x00 0x00000000
W4 <USART1_BASE>+0x00 0x0000000C
R4 <USART1_BASE>+0x08 0x00000000
W4 <USART1_BASE>+0x08 0x00000000
R4 <USART1_BASE>+0x00 0x0000000C
W4 <USART1_BASE>+0x00 0x0000000D
